[    50.444] (--) Log file renamed from "/home/tyson/.local/share/xorg/Xorg.pid-928.log" to "/home/tyson/.local/share/xorg/Xorg.0.log"
[    50.477] 
X.Org X Server 1.19.6
Release Date: 2017-12-20
[    50.477] X Protocol Version 11, Revision 0
[    50.477] Build Operating System: Linux 4.4.0-119-generic x86_64 Ubuntu
[    50.477] Current Operating System: Linux tyson-VirtualBox 4.15.0-23-generic #25-Ubuntu SMP Wed May 23 18:02:16 UTC 2018 x86_64
[    50.477] Kernel command line: BOOT_IMAGE=/boot/vmlinuz-4.15.0-23-generic root=UUID=c4c29256-dd25-4b86-82dd-e90cc5596869 ro quiet splash
[    50.477] Build Date: 13 April 2018  08:07:36PM
[    50.477] xorg-server 2:1.19.6-1ubuntu4 (For technical support please see http://www.ubuntu.com/support) 
[    50.477] Current version of pixman: 0.34.0
[    50.477] 	Before reporting problems, check http://wiki.x.org
	to make sure that you have the latest version.
[    50.477] Markers: (--) probed, (**) from config file, (==) default setting,
	(++) from command line, (!!) notice, (II) informational,
	(WW) warning, (EE) error, (NI) not implemented, (??) unknown.
[    50.477] (==) Log file: "/home/tyson/.local/share/xorg/Xorg.0.log", Time: Tue Jul  3 16:36:42 2018
[    50.549] (==) Using system config directory "/usr/share/X11/xorg.conf.d"
[    50.597] (==) No Layout section.  Using the first Screen section.
[    50.597] (==) No screen section available. Using defaults.
[    50.597] (**) |-->Screen "Default Screen Section" (0)
[    50.597] (**) |   |-->Monitor "<default monitor>"
[    50.625] (==) No monitor specified for screen "Default Screen Section".
	Using a default monitor configuration.
[    50.626] (==) Automatically adding devices
[    50.626] (==) Automatically enabling devices
[    50.627] (==) Automatically adding GPU devices
[    50.627] (==) Automatically binding GPU devices
[    50.627] (==) Max clients allowed: 256, resource mask: 0x1fffff
[    50.786] (WW) The directory "/usr/share/fonts/X11/cyrillic" does not exist.
[    50.786] 	Entry deleted from font path.
[    50.787] (WW) The directory "/usr/share/fonts/X11/100dpi/" does not exist.
[    50.787] 	Entry deleted from font path.
[    50.787] (WW) The directory "/usr/share/fonts/X11/75dpi/" does not exist.
[    50.787] 	Entry deleted from font path.
[    50.828] (WW) The directory "/usr/share/fonts/X11/100dpi" does not exist.
[    50.828] 	Entry deleted from font path.
[    50.828] (WW) The directory "/usr/share/fonts/X11/75dpi" does not exist.
[    50.829] 	Entry deleted from font path.
[    50.829] (==) FontPath set to:
	/usr/share/fonts/X11/misc,
	/usr/share/fonts/X11/Type1,
	built-ins
[    50.829] (==) ModulePath set to "/usr/lib/xorg/modules"
[    50.829] (II) The server relies on udev to provide the list of input devices.
	If no devices become available, reconfigure udev or disable AutoAddDevices.
[    50.884] (II) Loader magic: 0x555805739020
[    50.884] (II) Module ABI versions:
[    50.884] 	X.Org ANSI C Emulation: 0.4
[    50.884] 	X.Org Video Driver: 23.0
[    50.884] 	X.Org XInput driver : 24.1
[    50.884] 	X.Org Server Extension : 10.0
[    50.885] (++) using VT number 1

[    50.890] (II) systemd-logind: took control of session /org/freedesktop/login1/session/_31
[    50.890] (II) xfree86: Adding drm device (/dev/dri/card0)
[    50.893] (II) systemd-logind: got fd for /dev/dri/card0 226:0 fd 12 paused 0
[    50.895] (--) PCI:*(0:0:2:0) 80ee:beef:0000:0000 rev 0, Mem @ 0xe0000000/16777216, BIOS @ 0x????????/131072
[    50.895] (II) LoadModule: "glx"
[    50.945] (II) Loading /usr/lib/xorg/modules/extensions/libglx.so
[    51.307] (II) Module glx: vendor="X.Org Foundation"
[    51.307] 	compiled for 1.19.6, module version = 1.0.0
[    51.308] 	ABI class: X.Org Server Extension, version 10.0
[    51.309] (==) Matched vboxvideo as autoconfigured driver 0
[    51.309] (==) Matched vboxvideo as autoconfigured driver 1
[    51.310] (==) Matched modesetting as autoconfigured driver 2
[    51.310] (==) Matched fbdev as autoconfigured driver 3
[    51.311] (==) Matched vesa as autoconfigured driver 4
[    51.311] (==) Assigned the driver to the xf86ConfigLayout
[    51.311] (II) LoadModule: "vboxvideo"
[    51.326] (WW) Warning, couldn't open module vboxvideo
[    51.326] (II) UnloadModule: "vboxvideo"
[    51.327] (II) Unloading vboxvideo
[    51.327] (EE) Failed to load module "vboxvideo" (module does not exist, 0)
[    51.327] (II) LoadModule: "modesetting"
[    51.327] (II) Loading /usr/lib/xorg/modules/drivers/modesetting_drv.so
[    51.547] (II) Module modesetting: vendor="X.Org Foundation"
[    51.548] 	compiled for 1.19.6, module version = 1.19.6
[    51.548] 	Module class: X.Org Video Driver
[    51.548] 	ABI class: X.Org Video Driver, version 23.0
[    51.548] (II) LoadModule: "fbdev"
[    51.550] (II) Loading /usr/lib/xorg/modules/drivers/fbdev_drv.so
[    51.562] (II) Module fbdev: vendor="X.Org Foundation"
[    51.562] 	compiled for 1.19.3, module version = 0.4.4
[    51.562] 	Module class: X.Org Video Driver
[    51.562] 	ABI class: X.Org Video Driver, version 23.0
[    51.562] (II) LoadModule: "vesa"
[    51.563] (II) Loading /usr/lib/xorg/modules/drivers/vesa_drv.so
[    51.579] (II) Module vesa: vendor="X.Org Foundation"
[    51.579] 	compiled for 1.19.3, module version = 2.3.4
[    51.580] 	Module class: X.Org Video Driver
[    51.580] 	ABI class: X.Org Video Driver, version 23.0
[    51.580] (==) Matched vboxvideo as autoconfigured driver 0
[    51.580] (==) Matched vboxvideo as autoconfigured driver 1
[    51.580] (==) Matched modesetting as autoconfigured driver 2
[    51.580] (==) Matched fbdev as autoconfigured driver 3
[    51.580] (==) Matched vesa as autoconfigured driver 4
[    51.580] (==) Assigned the driver to the xf86ConfigLayout
[    51.580] (II) LoadModule: "vboxvideo"
[    51.580] (WW) Warning, couldn't open module vboxvideo
[    51.580] (II) UnloadModule: "vboxvideo"
[    51.580] (II) Unloading vboxvideo
[    51.580] (EE) Failed to load module "vboxvideo" (module does not exist, 0)
[    51.580] (II) LoadModule: "modesetting"
[    51.580] (II) Loading /usr/lib/xorg/modules/drivers/modesetting_drv.so
[    51.580] (II) Module modesetting: vendor="X.Org Foundation"
[    51.580] 	compiled for 1.19.6, module version = 1.19.6
[    51.580] 	Module class: X.Org Video Driver
[    51.580] 	ABI class: X.Org Video Driver, version 23.0
[    51.580] (II) UnloadModule: "modesetting"
[    51.581] (II) Unloading modesetting
[    51.581] (II) Failed to load module "modesetting" (already loaded, 0)
[    51.581] (II) LoadModule: "fbdev"
[    51.581] (II) Loading /usr/lib/xorg/modules/drivers/fbdev_drv.so
[    51.581] (II) Module fbdev: vendor="X.Org Foundation"
[    51.581] 	compiled for 1.19.3, module version = 0.4.4
[    51.581] 	Module class: X.Org Video Driver
[    51.581] 	ABI class: X.Org Video Driver, version 23.0
[    51.581] (II) UnloadModule: "fbdev"
[    51.581] (II) Unloading fbdev
[    51.581] (II) Failed to load module "fbdev" (already loaded, 0)
[    51.581] (II) LoadModule: "vesa"
[    51.581] (II) Loading /usr/lib/xorg/modules/drivers/vesa_drv.so
[    51.581] (II) Module vesa: vendor="X.Org Foundation"
[    51.581] 	compiled for 1.19.3, module version = 2.3.4
[    51.581] 	Module class: X.Org Video Driver
[    51.581] 	ABI class: X.Org Video Driver, version 23.0
[    51.581] (II) UnloadModule: "vesa"
[    51.581] (II) Unloading vesa
[    51.581] (II) Failed to load module "vesa" (already loaded, 0)
[    51.581] (II) modesetting: Driver for Modesetting Kernel Drivers: kms
[    51.581] (II) FBDEV: driver for framebuffer: fbdev
[    51.581] (II) VESA: driver for VESA chipsets: vesa
[    51.581] xf86EnableIOPorts: failed to set IOPL for I/O (Operation not permitted)
[    51.581] (II) modeset(0): using drv /dev/dri/card0
[    51.581] (WW) Falling back to old probe method for fbdev
[    51.581] (II) Loading sub module "fbdevhw"
[    51.581] (II) LoadModule: "fbdevhw"
[    51.581] (II) Loading /usr/lib/xorg/modules/libfbdevhw.so
[    51.597] (II) Module fbdevhw: vendor="X.Org Foundation"
[    51.597] 	compiled for 1.19.6, module version = 0.0.2
[    51.597] 	ABI class: X.Org Video Driver, version 23.0
[    51.598] (EE) open /dev/fb0: Permission denied
[    51.598] (WW) Falling back to old probe method for vesa
[    51.598] (WW) VGA arbiter: cannot open kernel arbiter, no multi-card support
[    51.598] (II) modeset(0): Creating default Display subsection in Screen section
	"Default Screen Section" for depth/fbbpp 24/32
[    51.598] (==) modeset(0): Depth 24, (==) framebuffer bpp 32
[    51.598] (==) modeset(0): RGB weight 888
[    51.598] (==) modeset(0): Default visual is TrueColor
[    51.598] (II) Loading sub module "glamoregl"
[    51.598] (II) LoadModule: "glamoregl"
[    51.598] (II) Loading /usr/lib/xorg/modules/libglamoregl.so
[    51.810] (II) Module glamoregl: vendor="X.Org Foundation"
[    51.810] 	compiled for 1.19.6, module version = 1.0.0
[    51.811] 	ABI class: X.Org ANSI C Emulation, version 0.4
[    51.812] (II) glamor: OpenGL accelerated X.org driver based.
[    55.477] (II) glamor: EGL version 1.4 (DRI2):
[    55.478] EGL_MESA_drm_image required.
[    55.493] (EE) modeset(0): glamor initialization failed
[    55.493] (II) modeset(0): ShadowFB: preferred NO, enabled NO
[    55.497] (II) modeset(0): Output VGA-1 has no monitor section
[    55.498] (II) modeset(0): EDID for output VGA-1
[    55.498] (II) modeset(0): Manufacturer: VBX  Model: 0  Serial#: 43517264
[    55.498] (II) modeset(0): Year: 1990  Week: 1
[    55.498] (II) modeset(0): EDID Version: 1.3
[    55.498] (II) modeset(0): Digital Display Input
[    55.498] (II) modeset(0): Indeterminate output size
[    55.498] (II) modeset(0): Gamma: 2.20
[    55.498] (II) modeset(0): DPMS capabilities: StandBy Suspend Off
[    55.498] (II) modeset(0): Supported color encodings: RGB 4:4:4 YCrCb 4:4:4 
[    55.498] (II) modeset(0): Default color space is primary color space
[    55.498] (II) modeset(0): First detailed timing is preferred mode
[    55.498] (II) modeset(0): redX: 0.640 redY: 0.330   greenX: 0.300 greenY: 0.600
[    55.498] (II) modeset(0): blueX: 0.150 blueY: 0.060   whiteX: 0.312 whiteY: 0.329
[    55.498] (II) modeset(0): Manufacturer's mask: 0
[    55.498] (II) modeset(0): Supported detailed timing:
[    55.498] (II) modeset(0): clock: 54.9 MHz   Image Size:  0 x 0 mm
[    55.498] (II) modeset(0): h_active: 1360  h_sync: 1362  h_sync_end 1364 h_blank_end 1366 h_border: 0
[    55.498] (II) modeset(0): v_active: 664  v_sync: 664  v_sync_end 698 v_blanking: 670 v_border: 0
[    55.498] (II) modeset(0): Ranges: V min: 0 V max: 200 Hz, H min: 0 H max: 200 kHz, PixClock max 1005 MHz
[    55.498] (II) modeset(0): Monitor name: VBOX monitor
[    55.498] (II) modeset(0): EDID (in hex):
[    55.498] (II) modeset(0): 	00ffffffffffff005858000050059802
[    55.498] (II) modeset(0): 	0100010380000078eeee91a3544c9926
[    55.498] (II) modeset(0): 	0f505400000001010101010101010101
[    55.498] (II) modeset(0): 	01010101010173155006509806200202
[    55.498] (II) modeset(0): 	0202000000000000000000fd0000c800
[    55.498] (II) modeset(0): 	c864000a202020202020000000fc0056
[    55.498] (II) modeset(0): 	424f58206d6f6e69746f720a00000010
[    55.498] (II) modeset(0): 	000a2020202020202020202020200082
[    55.498] (II) modeset(0): Printing probed modes for output VGA-1
[    55.498] (II) modeset(0): Modeline "1360x664"x60.0   72.84  1360 1424 1560 1760  664 667 677 690 -hsync +vsync (41.4 kHz P)
[    55.498] (II) modeset(0): Modeline "2560x1600"x60.0  348.50  2560 2752 3032 3504  1600 1603 1609 1658 -hsync +vsync (99.5 kHz e)
[    55.498] (II) modeset(0): Modeline "2560x1600"x60.0  268.50  2560 2608 2640 2720  1600 1603 1609 1646 +hsync -vsync (98.7 kHz e)
[    55.498] (II) modeset(0): Modeline "1920x1440"x60.0  234.00  1920 2048 2256 2600  1440 1441 1444 1500 -hsync +vsync (90.0 kHz e)
[    55.498] (II) modeset(0): Modeline "1856x1392"x60.0  218.25  1856 1952 2176 2528  1392 1393 1396 1439 -hsync +vsync (86.3 kHz e)
[    55.498] (II) modeset(0): Modeline "1792x1344"x60.0  204.75  1792 1920 2120 2448  1344 1345 1348 1394 -hsync +vsync (83.6 kHz e)
[    55.498] (II) modeset(0): Modeline "2048x1152"x60.0  162.00  2048 2074 2154 2250  1152 1153 1156 1200 +hsync +vsync (72.0 kHz e)
[    55.498] (II) modeset(0): Modeline "1920x1200"x59.9  193.25  1920 2056 2256 2592  1200 1203 1209 1245 -hsync +vsync (74.6 kHz e)
[    55.498] (II) modeset(0): Modeline "1920x1200"x60.0  154.00  1920 1968 2000 2080  1200 1203 1209 1235 +hsync -vsync (74.0 kHz e)
[    55.498] (II) modeset(0): Modeline "1920x1080"x60.0  148.50  1920 2008 2052 2200  1080 1084 1089 1125 -hsync -vsync (67.5 kHz e)
[    55.498] (II) modeset(0): Modeline "1600x1200"x60.0  162.00  1600 1664 1856 2160  1200 1201 1204 1250 +hsync +vsync (75.0 kHz e)
[    55.498] (II) modeset(0): Modeline "1680x1050"x60.0  146.25  1680 1784 1960 2240  1050 1053 1059 1089 -hsync +vsync (65.3 kHz e)
[    55.498] (II) modeset(0): Modeline "1680x1050"x59.9  119.00  1680 1728 1760 1840  1050 1053 1059 1080 +hsync -vsync (64.7 kHz e)
[    55.498] (II) modeset(0): Modeline "1400x1050"x60.0  121.75  1400 1488 1632 1864  1050 1053 1057 1089 -hsync +vsync (65.3 kHz e)
[    55.498] (II) modeset(0): Modeline "1400x1050"x59.9  101.00  1400 1448 1480 1560  1050 1053 1057 1080 +hsync -vsync (64.7 kHz e)
[    55.498] (II) modeset(0): Modeline "1600x900"x60.0  108.00  1600 1624 1704 1800  900 901 904 1000 +hsync +vsync (60.0 kHz e)
[    55.498] (II) modeset(0): Modeline "1280x1024"x60.0  108.00  1280 1328 1440 1688  1024 1025 1028 1066 +hsync +vsync (64.0 kHz e)
[    55.498] (II) modeset(0): Modeline "1440x900"x59.9  106.50  1440 1520 1672 1904  900 903 909 934 -hsync +vsync (55.9 kHz e)
[    55.498] (II) modeset(0): Modeline "1440x900"x59.9   88.75  1440 1488 1520 1600  900 903 909 926 +hsync -vsync (55.5 kHz e)
[    55.498] (II) modeset(0): Modeline "1280x960"x60.0  108.00  1280 1376 1488 1800  960 961 964 1000 +hsync +vsync (60.0 kHz e)
[    55.498] (II) modeset(0): Modeline "1366x768"x59.8   85.50  1366 1436 1579 1792  768 771 774 798 +hsync +vsync (47.7 kHz e)
[    55.498] (II) modeset(0): Modeline "1366x768"x60.0   72.00  1366 1380 1436 1500  768 769 772 800 +hsync +vsync (48.0 kHz e)
[    55.499] (II) modeset(0): Modeline "1360x768"x60.0   85.50  1360 1424 1536 1792  768 771 777 795 +hsync +vsync (47.7 kHz e)
[    55.499] (II) modeset(0): Modeline "1280x800"x59.8   83.50  1280 1352 1480 1680  800 803 809 831 -hsync +vsync (49.7 kHz e)
[    55.499] (II) modeset(0): Modeline "1280x800"x59.9   71.00  1280 1328 1360 1440  800 803 809 823 +hsync -vsync (49.3 kHz e)
[    55.499] (II) modeset(0): Modeline "1280x768"x59.9   79.50  1280 1344 1472 1664  768 771 778 798 -hsync +vsync (47.8 kHz e)
[    55.499] (II) modeset(0): Modeline "1280x768"x60.0   68.25  1280 1328 1360 1440  768 771 778 790 +hsync -vsync (47.4 kHz e)
[    55.499] (II) modeset(0): Modeline "1280x720"x60.0   74.25  1280 1390 1430 1650  720 725 730 750 +hsync +vsync (45.0 kHz e)
[    55.499] (II) modeset(0): Modeline "1024x768"x60.0   65.00  1024 1048 1184 1344  768 771 777 806 -hsync -vsync (48.4 kHz e)
[    55.499] (II) modeset(0): Modeline "800x600"x60.3   40.00  800 840 968 1056  600 601 605 628 +hsync +vsync (37.9 kHz e)
[    55.499] (II) modeset(0): Modeline "800x600"x56.2   36.00  800 824 896 1024  600 601 603 625 +hsync +vsync (35.2 kHz e)
[    55.499] (II) modeset(0): Modeline "848x480"x60.0   33.75  848 864 976 1088  480 486 494 517 +hsync +vsync (31.0 kHz e)
[    55.499] (II) modeset(0): Modeline "640x480"x59.9   25.18  640 656 752 800  480 490 492 525 -hsync -vsync (31.5 kHz e)
[    55.499] (II) modeset(0): Output VGA-1 connected
[    55.499] (II) modeset(0): Using exact sizes for initial modes
[    55.499] (II) modeset(0): Output VGA-1 using initial mode 1360x664 +0+0
[    55.499] (==) modeset(0): Using gamma correction (1.0, 1.0, 1.0)
[    55.499] (==) modeset(0): DPI set to (96, 96)
[    55.499] (II) Loading sub module "fb"
[    55.499] (II) LoadModule: "fb"
[    55.500] (II) Loading /usr/lib/xorg/modules/libfb.so
[    55.592] (II) Module fb: vendor="X.Org Foundation"
[    55.592] 	compiled for 1.19.6, module version = 1.0.0
[    55.592] 	ABI class: X.Org ANSI C Emulation, version 0.4
[    55.592] (II) UnloadModule: "fbdev"
[    55.592] (II) Unloading fbdev
[    55.592] (II) UnloadSubModule: "fbdevhw"
[    55.592] (II) Unloading fbdevhw
[    55.592] (II) UnloadModule: "vesa"
[    55.592] (II) Unloading vesa
[    55.592] (==) Depth 24 pixmap format is 32 bpp
[    55.615] (==) modeset(0): Backing store enabled
[    55.615] (==) modeset(0): Silken mouse enabled
[    55.617] (II) modeset(0): RandR 1.2 enabled, ignore the following RandR disabled message.
[    55.618] (==) modeset(0): DPMS enabled
[    55.618] (--) RandR disabled
[    55.640] (II) SELinux: Disabled on system
[    55.676] (II) AIGLX: Screen 0 is not DRI2 capable
[    55.676] (EE) AIGLX: reverting to software rendering
[    57.099] (II) IGLX: enabled GLX_MESA_copy_sub_buffer
[    57.105] (II) IGLX: Loaded and initialized swrast
[    57.105] (II) GLX: Initialized DRISWRAST GL provider for screen 0
[    57.108] (II) modeset(0): Damage tracking initialized
[    57.108] (II) modeset(0): Setting screen physical size to 359 x 175
[    57.546] (II) config/udev: Adding input device Power Button (/dev/input/event0)
[    57.547] (**) Power Button: Applying InputClass "libinput keyboard catchall"
[    57.547] (II) LoadModule: "libinput"
[    57.549] (II) Loading /usr/lib/xorg/modules/input/libinput_drv.so
[    57.601] (II) Module libinput: vendor="X.Org Foundation"
[    57.601] 	compiled for 1.19.6, module version = 0.27.1
[    57.602] 	Module class: X.Org XInput Driver
[    57.602] 	ABI class: X.Org XInput driver, version 24.1
[    57.603] (II) Using input driver 'libinput' for 'Power Button'
[    57.606] (II) systemd-logind: got fd for /dev/input/event0 13:64 fd 20 paused 0
[    57.607] (**) Power Button: always reports core events
[    57.607] (**) Option "Device" "/dev/input/event0"
[    57.607] (**) Option "_source" "server/udev"
[    57.610] (II) event0  - Power Button: is tagged by udev as: Keyboard
[    57.610] (II) event0  - Power Button: device is a keyboard
[    57.611] (II) event0  - Power Button: device removed
[    57.611] (**) Option "config_info" "udev:/sys/devices/LNXSYSTM:00/LNXPWRBN:00/input/input0/event0"
[    57.611] (II) XINPUT: Adding extended input device "Power Button" (type: KEYBOARD, id 6)
[    57.612] (**) Option "xkb_model" "pc105"
[    57.612] (**) Option "xkb_layout" "us"
[    57.615] (II) event0  - Power Button: is tagged by udev as: Keyboard
[    57.615] (II) event0  - Power Button: device is a keyboard
[    57.617] (II) config/udev: Adding input device Sleep Button (/dev/input/event1)
[    57.618] (**) Sleep Button: Applying InputClass "libinput keyboard catchall"
[    57.618] (II) Using input driver 'libinput' for 'Sleep Button'
[    57.622] (II) systemd-logind: got fd for /dev/input/event1 13:65 fd 23 paused 0
[    57.622] (**) Sleep Button: always reports core events
[    57.623] (**) Option "Device" "/dev/input/event1"
[    57.624] (**) Option "_source" "server/udev"
[    57.626] (II) event1  - Sleep Button: is tagged by udev as: Keyboard
[    57.626] (II) event1  - Sleep Button: device is a keyboard
[    57.627] (II) event1  - Sleep Button: device removed
[    57.627] (**) Option "config_info" "udev:/sys/devices/LNXSYSTM:00/LNXSLPBN:00/input/input1/event1"
[    57.628] (II) XINPUT: Adding extended input device "Sleep Button" (type: KEYBOARD, id 7)
[    57.629] (**) Option "xkb_model" "pc105"
[    57.629] (**) Option "xkb_layout" "us"
[    57.632] (II) event1  - Sleep Button: is tagged by udev as: Keyboard
[    57.632] (II) event1  - Sleep Button: device is a keyboard
[    57.634] (II) config/udev: Adding input device Video Bus (/dev/input/event3)
[    57.635] (**) Video Bus: Applying InputClass "libinput keyboard catchall"
[    57.636] (II) Using input driver 'libinput' for 'Video Bus'
[    57.642] (II) systemd-logind: got fd for /dev/input/event3 13:67 fd 24 paused 0
[    57.643] (**) Video Bus: always reports core events
[    57.643] (**) Option "Device" "/dev/input/event3"
[    57.643] (**) Option "_source" "server/udev"
[    57.651] (II) event3  - Video Bus: is tagged by udev as: Keyboard
[    57.651] (II) event3  - Video Bus: device is a keyboard
[    57.652] (II) event3  - Video Bus: device removed
[    57.652] (**) Option "config_info" "udev:/sys/devices/LNXSYSTM:00/LNXSYBUS:00/PNP0A03:00/LNXVIDEO:00/input/input4/event3"
[    57.653] (II) XINPUT: Adding extended input device "Video Bus" (type: KEYBOARD, id 8)
[    57.653] (**) Option "xkb_model" "pc105"
[    57.654] (**) Option "xkb_layout" "us"
[    57.657] (II) event3  - Video Bus: is tagged by udev as: Keyboard
[    57.658] (II) event3  - Video Bus: device is a keyboard
[    57.660] (II) config/udev: Adding input device VirtualBox mouse integration (/dev/input/event6)
[    57.660] (**) VirtualBox mouse integration: Applying InputClass "libinput pointer catchall"
[    57.660] (II) Using input driver 'libinput' for 'VirtualBox mouse integration'
[    57.664] (II) systemd-logind: got fd for /dev/input/event6 13:70 fd 25 paused 0
[    57.664] (**) VirtualBox mouse integration: always reports core events
[    57.664] (**) Option "Device" "/dev/input/event6"
[    57.664] (**) Option "_source" "server/udev"
[    57.667] (II) event6  - VirtualBox mouse integration: is tagged by udev as: Mouse
[    57.667] (II) event6  - VirtualBox mouse integration: device is a pointer
[    57.667] (II) event6  - VirtualBox mouse integration: device removed
[    57.667] (**) Option "config_info" "udev:/sys/devices/pci0000:00/0000:00:04.0/input/input7/event6"
[    57.668] (II) XINPUT: Adding extended input device "VirtualBox mouse integration" (type: MOUSE, id 9)
[    57.668] (**) Option "AccelerationScheme" "none"
[    57.669] (**) VirtualBox mouse integration: (accel) selected scheme none/0
[    57.669] (**) VirtualBox mouse integration: (accel) acceleration factor: 2.000
[    57.670] (**) VirtualBox mouse integration: (accel) acceleration threshold: 4
[    57.672] (II) event6  - VirtualBox mouse integration: is tagged by udev as: Mouse
[    57.672] (II) event6  - VirtualBox mouse integration: device is a pointer
[    57.674] (II) config/udev: Adding input device VirtualBox mouse integration (/dev/input/js1)
[    57.674] (II) No input driver specified, ignoring this device.
[    57.674] (II) This device may have been added with another device file.
[    57.678] (II) config/udev: Adding input device VirtualBox USB Tablet (/dev/input/event5)
[    57.678] (**) VirtualBox USB Tablet: Applying InputClass "libinput pointer catchall"
[    57.678] (II) Using input driver 'libinput' for 'VirtualBox USB Tablet'
[    57.737] (II) systemd-logind: got fd for /dev/input/event5 13:69 fd 26 paused 0
[    57.737] (**) VirtualBox USB Tablet: always reports core events
[    57.737] (**) Option "Device" "/dev/input/event5"
[    57.737] (**) Option "_source" "server/udev"
[    57.738] (II) event5  - VirtualBox USB Tablet: is tagged by udev as: Mouse
[    57.738] (II) event5  - VirtualBox USB Tablet: device is a pointer
[    57.738] (II) event5  - VirtualBox USB Tablet: device removed
[    57.738] (**) Option "config_info" "udev:/sys/devices/pci0000:00/0000:00:06.0/usb1/1-1/1-1:1.0/0003:80EE:0021.0001/input/input6/event5"
[    57.738] (II) XINPUT: Adding extended input device "VirtualBox USB Tablet" (type: MOUSE, id 10)
[    57.738] (**) Option "AccelerationScheme" "none"
[    57.738] (**) VirtualBox USB Tablet: (accel) selected scheme none/0
[    57.738] (**) VirtualBox USB Tablet: (accel) acceleration factor: 2.000
[    57.738] (**) VirtualBox USB Tablet: (accel) acceleration threshold: 4
[    57.739] (II) event5  - VirtualBox USB Tablet: is tagged by udev as: Mouse
[    57.739] (II) event5  - VirtualBox USB Tablet: device is a pointer
[    57.739] (II) config/udev: Adding input device VirtualBox USB Tablet (/dev/input/js0)
[    57.739] (II) No input driver specified, ignoring this device.
[    57.739] (II) This device may have been added with another device file.
[    57.742] (II) config/udev: Adding input device VirtualBox USB Tablet (/dev/input/mouse1)
[    57.743] (II) No input driver specified, ignoring this device.
[    57.743] (II) This device may have been added with another device file.
[    57.743] (II) config/udev: Adding input device AT Translated Set 2 keyboard (/dev/input/event2)
[    57.743] (**) AT Translated Set 2 keyboard: Applying InputClass "libinput keyboard catchall"
[    57.743] (II) Using input driver 'libinput' for 'AT Translated Set 2 keyboard'
[    57.747] (II) systemd-logind: got fd for /dev/input/event2 13:66 fd 27 paused 0
[    57.747] (**) AT Translated Set 2 keyboard: always reports core events
[    57.747] (**) Option "Device" "/dev/input/event2"
[    57.747] (**) Option "_source" "server/udev"
[    57.747] (II) event2  - AT Translated Set 2 keyboard: is tagged by udev as: Keyboard
[    57.747] (II) event2  - AT Translated Set 2 keyboard: device is a keyboard
[    57.748] (II) event2  - AT Translated Set 2 keyboard: device removed
[    57.748] (**) Option "config_info" "udev:/sys/devices/platform/i8042/serio0/input/input2/event2"
[    57.748] (II) XINPUT: Adding extended input device "AT Translated Set 2 keyboard" (type: KEYBOARD, id 11)
[    57.748] (**) Option "xkb_model" "pc105"
[    57.748] (**) Option "xkb_layout" "us"
[    57.749] (II) event2  - AT Translated Set 2 keyboard: is tagged by udev as: Keyboard
[    57.749] (II) event2  - AT Translated Set 2 keyboard: device is a keyboard
[    57.749] (II) config/udev: Adding input device ImExPS/2 Generic Explorer Mouse (/dev/input/event4)
[    57.749] (**) ImExPS/2 Generic Explorer Mouse: Applying InputClass "libinput pointer catchall"
[    57.749] (II) Using input driver 'libinput' for 'ImExPS/2 Generic Explorer Mouse'
[    57.753] (II) systemd-logind: got fd for /dev/input/event4 13:68 fd 28 paused 0
[    57.753] (**) ImExPS/2 Generic Explorer Mouse: always reports core events
[    57.753] (**) Option "Device" "/dev/input/event4"
[    57.754] (**) Option "_source" "server/udev"
[    57.754] (II) event4  - ImExPS/2 Generic Explorer Mouse: is tagged by udev as: Mouse
[    57.754] (II) event4  - ImExPS/2 Generic Explorer Mouse: device is a pointer
[    57.754] (II) event4  - ImExPS/2 Generic Explorer Mouse: device removed
[    57.754] (**) Option "config_info" "udev:/sys/devices/platform/i8042/serio1/input/input5/event4"
[    57.754] (II) XINPUT: Adding extended input device "ImExPS/2 Generic Explorer Mouse" (type: MOUSE, id 12)
[    57.754] (**) Option "AccelerationScheme" "none"
[    57.754] (**) ImExPS/2 Generic Explorer Mouse: (accel) selected scheme none/0
[    57.754] (**) ImExPS/2 Generic Explorer Mouse: (accel) acceleration factor: 2.000
[    57.754] (**) ImExPS/2 Generic Explorer Mouse: (accel) acceleration threshold: 4
[    57.755] (II) event4  - ImExPS/2 Generic Explorer Mouse: is tagged by udev as: Mouse
[    57.755] (II) event4  - ImExPS/2 Generic Explorer Mouse: device is a pointer
[    57.755] (II) config/udev: Adding input device ImExPS/2 Generic Explorer Mouse (/dev/input/mouse0)
[    57.755] (II) No input driver specified, ignoring this device.
[    57.755] (II) This device may have been added with another device file.
[    73.367] (II) modeset(0): EDID vendor "VBX", prod id 0
[    73.367] (II) modeset(0): DDCModeFromDetailedTiming: 1366x664 Warning: We only handle separate sync.
[    73.367] (II) modeset(0): Using EDID range info for horizontal sync
[    73.367] (II) modeset(0): Using EDID range info for vertical refresh
