[2018-06-29 12:25:42] __rvm_make
__rvm_make () 
{ 
    \make "$@" || return $?
}
current path: /home/tyson/.rvm/src/ruby-2.4.1
PATH=/usr/local/sbin:/usr/local/bin:/usr/sbin:/usr/bin:/sbin:/bin:/usr/games:/usr/local/games:/snap/bin:/home/tyson/.rvm/bin
command(2): __rvm_make install
++ /scripts/functions/support : __rvm_make()  383 > make install
generating x86_64-linux-fake.rb
x86_64-linux-fake.rb updated
	CC = gcc
	LD = ld
	LDSHARED = gcc -shared
	CFLAGS = -O3 -fno-fast-math -ggdb3 -Wall -Wextra -Wno-unused-parameter -Wno-parentheses -Wno-long-long -Wno-missing-field-initializers -Wno-tautological-compare -Wno-parentheses-equality -Wno-constant-logical-operand -Wno-self-assign -Wunused-variable -Wimplicit-int -Wpointer-arith -Wwrite-strings -Wdeclaration-after-statement -Wimplicit-function-declaration -Wdeprecated-declarations -Wno-packed-bitfield-compat -Wsuggest-attribute=noreturn -Wsuggest-attribute=format -Wimplicit-fallthrough=0 -std=gnu99  -fPIC 
	XCFLAGS = -D_FORTIFY_SOURCE=2 -fstack-protector -fno-strict-overflow -fvisibility=hidden -fexcess-precision=standard -DRUBY_EXPORT
	CPPFLAGS =   -I. -I.ext/include/x86_64-linux -I./include -I. -I./enc/unicode/9.0.0
	DLDFLAGS = -Wl,--compress-debug-sections=zlib -Wl,-soname,libruby.so.2.4  -fstack-protector  
	SOLIBS = -lpthread -lgmp -ldl -lcrypt -lm  
gcc (Ubuntu 7.3.0-16ubuntu3) 7.3.0
Copyright (C) 2017 Free Software Foundation, Inc.
This is free software; see the source for copying conditions.  There is NO
warranty; not even for MERCHANTABILITY or FITNESS FOR A PARTICULAR PURPOSE.

generating enc.mk
making srcs under enc
make[1]: Entering directory '/home/tyson/.rvm/src/ruby-2.4.1'
make[1]: Nothing to be done for 'srcs'.
make[1]: Leaving directory '/home/tyson/.rvm/src/ruby-2.4.1'
generating transdb.h
transdb.h unchanged
generating makefile exts.mk
make[1]: Entering directory '/home/tyson/.rvm/src/ruby-2.4.1'
make[2]: Entering directory '/home/tyson/.rvm/src/ruby-2.4.1/ext/bigdecimal'
make[2]: Leaving directory '/home/tyson/.rvm/src/ruby-2.4.1/ext/bigdecimal'
make[2]: Entering directory '/home/tyson/.rvm/src/ruby-2.4.1/ext/date'
make[2]: Leaving directory '/home/tyson/.rvm/src/ruby-2.4.1/ext/date'
make[2]: Entering directory '/home/tyson/.rvm/src/ruby-2.4.1/ext/digest'
make[2]: Leaving directory '/home/tyson/.rvm/src/ruby-2.4.1/ext/digest'
make[2]: Entering directory '/home/tyson/.rvm/src/ruby-2.4.1/ext/digest/sha2'
make[2]: Leaving directory '/home/tyson/.rvm/src/ruby-2.4.1/ext/digest/sha2'
make[2]: Entering directory '/home/tyson/.rvm/src/ruby-2.4.1/ext/fiddle'
make[2]: Leaving directory '/home/tyson/.rvm/src/ruby-2.4.1/ext/fiddle'
make[2]: Entering directory '/home/tyson/.rvm/src/ruby-2.4.1/ext/io/console'
make[2]: Leaving directory '/home/tyson/.rvm/src/ruby-2.4.1/ext/io/console'
make[2]: Entering directory '/home/tyson/.rvm/src/ruby-2.4.1/ext/json'
make[2]: Leaving directory '/home/tyson/.rvm/src/ruby-2.4.1/ext/json'
make[2]: Entering directory '/home/tyson/.rvm/src/ruby-2.4.1/ext/nkf'
make[2]: Leaving directory '/home/tyson/.rvm/src/ruby-2.4.1/ext/nkf'
make[2]: Entering directory '/home/tyson/.rvm/src/ruby-2.4.1/ext/openssl'
make[2]: Leaving directory '/home/tyson/.rvm/src/ruby-2.4.1/ext/openssl'
make[2]: Entering directory '/home/tyson/.rvm/src/ruby-2.4.1/ext/pathname'
make[2]: Leaving directory '/home/tyson/.rvm/src/ruby-2.4.1/ext/pathname'
make[2]: Entering directory '/home/tyson/.rvm/src/ruby-2.4.1/ext/psych'
make[2]: Leaving directory '/home/tyson/.rvm/src/ruby-2.4.1/ext/psych'
make[2]: Entering directory '/home/tyson/.rvm/src/ruby-2.4.1/ext/pty'
make[2]: Leaving directory '/home/tyson/.rvm/src/ruby-2.4.1/ext/pty'
make[2]: Entering directory '/home/tyson/.rvm/src/ruby-2.4.1/ext/ripper'
make[2]: Leaving directory '/home/tyson/.rvm/src/ruby-2.4.1/ext/ripper'
make[2]: Entering directory '/home/tyson/.rvm/src/ruby-2.4.1/ext/rubyvm'
make[2]: Leaving directory '/home/tyson/.rvm/src/ruby-2.4.1/ext/rubyvm'
make[2]: Entering directory '/home/tyson/.rvm/src/ruby-2.4.1/ext/socket'
make[2]: Leaving directory '/home/tyson/.rvm/src/ruby-2.4.1/ext/socket'
make[2]: Entering directory '/home/tyson/.rvm/src/ruby-2.4.1/ext/syslog'
make[2]: Leaving directory '/home/tyson/.rvm/src/ruby-2.4.1/ext/syslog'
*** Following extensions failed to configure:
../.././ext/dbm/extconf.rb:0: Failed to configure dbm. It will not be installed.
*** Fix the problems, then remove these directories and try again if you want.
make[2]: Entering directory '/home/tyson/.rvm/src/ruby-2.4.1'
make[2]: 'ruby' is up to date.
make[2]: Leaving directory '/home/tyson/.rvm/src/ruby-2.4.1'
make[1]: Leaving directory '/home/tyson/.rvm/src/ruby-2.4.1'
making enc
make[1]: Entering directory '/home/tyson/.rvm/src/ruby-2.4.1'
make[1]: Nothing to be done for 'enc'.
make[1]: Leaving directory '/home/tyson/.rvm/src/ruby-2.4.1'
making trans
make[1]: Entering directory '/home/tyson/.rvm/src/ruby-2.4.1'
make[1]: Nothing to be done for './enc/trans'.
make[1]: Leaving directory '/home/tyson/.rvm/src/ruby-2.4.1'
making encs
make[1]: Entering directory '/home/tyson/.rvm/src/ruby-2.4.1'
make[1]: Nothing to be done for 'encs'.
make[1]: Leaving directory '/home/tyson/.rvm/src/ruby-2.4.1'
./miniruby -I./lib -I. -I.ext/common  ./tool/runruby.rb --extout=.ext  -- --disable-gems -r./x86_64-linux-fake ./tool/rbinstall.rb --make="make" --dest-dir="" --extout=".ext" --mflags="" --make-flags="" --data-mode=0644 --prog-mode=0755 --installed-list .installed.list --mantype="doc"
installing binary commands:   /home/tyson/.rvm/rubies/ruby-2.4.1/bin
installing base libraries:    /home/tyson/.rvm/rubies/ruby-2.4.1/lib
installing arch files:        /home/tyson/.rvm/rubies/ruby-2.4.1/lib/ruby/2.4.0/x86_64-linux
installing pkgconfig data:    /home/tyson/.rvm/rubies/ruby-2.4.1/lib/pkgconfig
installing command scripts:   /home/tyson/.rvm/rubies/ruby-2.4.1/bin
installing library scripts:   /home/tyson/.rvm/rubies/ruby-2.4.1/lib/ruby/2.4.0
installing common headers:    /home/tyson/.rvm/rubies/ruby-2.4.1/include/ruby-2.4.0
installing manpages:          /home/tyson/.rvm/rubies/ruby-2.4.1/share/man/man1
installing extension objects: /home/tyson/.rvm/rubies/ruby-2.4.1/lib/ruby/2.4.0/x86_64-linux
installing extension objects: /home/tyson/.rvm/rubies/ruby-2.4.1/lib/ruby/site_ruby/2.4.0/x86_64-linux
installing extension objects: /home/tyson/.rvm/rubies/ruby-2.4.1/lib/ruby/vendor_ruby/2.4.0/x86_64-linux
installing extension headers: /home/tyson/.rvm/rubies/ruby-2.4.1/include/ruby-2.4.0/x86_64-linux
installing extension scripts: /home/tyson/.rvm/rubies/ruby-2.4.1/lib/ruby/2.4.0
installing extension scripts: /home/tyson/.rvm/rubies/ruby-2.4.1/lib/ruby/site_ruby/2.4.0
installing extension scripts: /home/tyson/.rvm/rubies/ruby-2.4.1/lib/ruby/vendor_ruby/2.4.0
installing extension headers: /home/tyson/.rvm/rubies/ruby-2.4.1/include/ruby-2.4.0/ruby
installing default gems:      /home/tyson/.rvm/rubies/ruby-2.4.1/lib/ruby/gems/2.4.0 (build_info, cache, doc, extensions, gems, specifications)
                              bigdecimal 1.3.0
                              io-console 0.4.6
                              json 2.0.2
                              openssl 2.0.3
                              psych 2.2.2
                              rdoc 5.0.0
installing bundle gems:       /home/tyson/.rvm/rubies/ruby-2.4.1/lib/ruby/gems/2.4.0 (build_info, cache, doc, extensions, gems, specifications)
                              minitest 5.10.1
                              rake 12.0.0
                              did_you_mean 1.1.0
                              test-unit 3.2.3
                              xmlrpc 0.2.1
                              net-telnet 0.1.1
                              power_assert 0.4.1
