[2018-06-29 12:19:14] __rvm_make
__rvm_make () 
{ 
    \make "$@" || return $?
}
current path: /home/tyson/.rvm/src/ruby-2.4.1
PATH=/usr/local/sbin:/usr/local/bin:/usr/sbin:/usr/bin:/sbin:/bin:/usr/games:/usr/local/games:/snap/bin:/home/tyson/.rvm/bin
command(2): __rvm_make -j2
++ /scripts/functions/support : __rvm_make()  383 > make -j2
	CC = gcc
	LD = ld
	LDSHARED = gcc -shared
	CFLAGS = -O3 -fno-fast-math -ggdb3 -Wall -Wextra -Wno-unused-parameter -Wno-parentheses -Wno-long-long -Wno-missing-field-initializers -Wno-tautological-compare -Wno-parentheses-equality -Wno-constant-logical-operand -Wno-self-assign -Wunused-variable -Wimplicit-int -Wpointer-arith -Wwrite-strings -Wdeclaration-after-statement -Wimplicit-function-declaration -Wdeprecated-declarations -Wno-packed-bitfield-compat -Wsuggest-attribute=noreturn -Wsuggest-attribute=format -Wimplicit-fallthrough=0 -std=gnu99  -fPIC 
	XCFLAGS = -D_FORTIFY_SOURCE=2 -fstack-protector -fno-strict-overflow -fvisibility=hidden -fexcess-precision=standard -DRUBY_EXPORT
	CPPFLAGS =   -I. -I.ext/include/x86_64-linux -I./include -I. -I./enc/unicode/9.0.0
	DLDFLAGS = -Wl,--compress-debug-sections=zlib -Wl,-soname,libruby.so.2.4  -fstack-protector  
	SOLIBS = -lpthread -lgmp -ldl -lcrypt -lm  
gcc (Ubuntu 7.3.0-16ubuntu3) 7.3.0
Copyright (C) 2017 Free Software Foundation, Inc.
This is free software; see the source for copying conditions.  There is NO
warranty; not even for MERCHANTABILITY or FITNESS FOR A PARTICULAR PURPOSE.

making dummy probes.h
compiling main.c
compiling dmydln.c
compiling miniinit.c
compiling dmyext.c
compiling miniprelude.c
compiling array.c
compiling bignum.c
compiling class.c
compiling compar.c
compiling compile.c
compiling complex.c
compiling cont.c
In function ‘iseq_build_kw.isra.67’,
    inlined from ‘rb_iseq_build_from_ary’ at compile.c:6967:30:
compile.c:6868:9: warning: argument 1 range [18446744071562067968, 18446744073709551615] exceeds maximum object size 9223372036854775807 [-Walloc-size-larger-than=]
     dvs = ALLOC_N(VALUE, default_len);
In file included from ./include/ruby/ruby.h:36:0,
                 from ./include/ruby.h:33,
                 from internal.h:15,
                 from compile.c:12:
compile.c: In function ‘rb_iseq_build_from_ary’:
./include/ruby/defines.h:184:18: note: in a call to allocation function ‘ruby_xmalloc2’ declared here
 #define xmalloc2 ruby_xmalloc2
                  ^
./include/ruby/defines.h:197:7: note: in expansion of macro ‘xmalloc2’
 void *xmalloc2(size_t,size_t) RUBY_ATTR_ALLOC_SIZE((1,2));
       ^~~~~~~~
compile.c: At top level:
cc1: warning: unrecognized command line option ‘-Wno-self-assign’
cc1: warning: unrecognized command line option ‘-Wno-constant-logical-operand’
cc1: warning: unrecognized command line option ‘-Wno-parentheses-equality’
compiling debug.c
compiling dir.c
compiling dln_find.c
compiling encoding.c
compiling enum.c
compiling enumerator.c
compiling error.c
compiling eval.c
compiling file.c
compiling gc.c
compiling hash.c
compiling inits.c
compiling io.c
compiling iseq.c
compiling load.c
compiling marshal.c
compiling math.c
compiling node.c
compiling numeric.c
compiling object.c
compiling pack.c
compiling parse.c
compiling proc.c
compiling process.c
compiling random.c
compiling range.c
compiling rational.c
compiling re.c
compiling regcomp.c
compiling regenc.c
compiling regerror.c
compiling regexec.c
compiling regparse.c
compiling regsyntax.c
compiling ruby.c
compiling safe.c
compiling signal.c
compiling sprintf.c
compiling st.c
compiling strftime.c
compiling string.c
compiling struct.c
compiling symbol.c
compiling thread.c
compiling time.c
compiling transcode.c
compiling util.c
compiling variable.c
compiling version.c
compiling vm.c
compiling vm_backtrace.c
compiling vm_dump.c
compiling vm_trace.c
compiling ./missing/setproctitle.c
compiling ./missing/strlcat.c
compiling ./missing/strlcpy.c
compiling addr2line.c
compiling dmyenc.c
compiling dln.c
compiling localeinit.c
compiling prelude.c
compiling enc/ascii.c
compiling enc/us_ascii.c
compiling enc/unicode.c
compiling enc/utf_8.c
compiling enc/trans/newline.c
linking miniruby
generating encdb.h
./tool/ifchange "--timestamp=.rbconfig.time" rbconfig.rb rbconfig.tmp
encdb.h updated
rbconfig.rb updated
creating verconf.h
generating enc.mk
verconf.h updated
compiling loadpath.c
making srcs under enc
make[1]: Entering directory '/home/tyson/.rvm/src/ruby-2.4.1'
make[1]: Nothing to be done for 'srcs'.
make[1]: Leaving directory '/home/tyson/.rvm/src/ruby-2.4.1'
generating transdb.h
linking static-library libruby-static.a
transdb.h updated
verifying static-library libruby-static.a
linking shared-library libruby.so.2.4.1
making enc
generating makefile exts.mk
make[1]: Entering directory '/home/tyson/.rvm/src/ruby-2.4.1'
compiling ./enc/encdb.c
configuring -test-/array/resize
configuring -test-/bignum
configuring -test-/bug-3571
configuring -test-/bug-5832
configuring -test-/bug_reporter
configuring -test-/class
configuring -test-/debug
configuring -test-/dln/empty
configuring -test-/exception
configuring -test-/fatal
configuring -test-/file
linking encoding encdb.so
compiling ./enc/big5.c
linking encoding big5.so
compiling ./enc/cp949.c
linking encoding cp949.so
compiling ./enc/emacs_mule.c
linking encoding emacs_mule.so
compiling ./enc/euc_jp.c
linking encoding euc_jp.so
compiling ./enc/euc_kr.c
configuring -test-/float
configuring -test-/funcall
configuring -test-/gvl/call_without_gvl
configuring -test-/hash
configuring -test-/integer
configuring -test-/iseq_load
configuring -test-/iter
configuring -test-/load/dot.dot
configuring -test-/marshal/compat
configuring -test-/marshal/internal_ivar
configuring -test-/marshal/usr
linking encoding euc_kr.so
configuring -test-/memory_status
configuring -test-/method
configuring -test-/notimplement
configuring -test-/num2int
configuring -test-/path_to_class
configuring -test-/popen_deadlock
configuring -test-/postponed_job
configuring -test-/printf
configuring -test-/proc
configuring -test-/rational
configuring -test-/recursion
configuring -test-/regexp
configuring -test-/st/foreach
configuring -test-/st/numhash
configuring -test-/st/update
configuring -test-/string
compiling ./enc/euc_tw.c
configuring -test-/struct
configuring -test-/symbol
linking encoding euc_tw.so
compiling ./enc/gb2312.c
configuring -test-/time
configuring -test-/tracepoint
configuring -test-/typeddata
configuring -test-/vm
configuring -test-/wait_for_single_fd
configuring bigdecimal
linking encoding gb2312.so
compiling ./enc/gb18030.c
linking encoding gb18030.so
compiling ./enc/gbk.c
linking encoding gbk.so
compiling ./enc/iso_8859_1.c
linking encoding iso_8859_1.so
compiling ./enc/iso_8859_2.c
linking encoding iso_8859_2.so
compiling ./enc/iso_8859_3.c
linking encoding iso_8859_3.so
compiling ./enc/iso_8859_4.c
linking encoding iso_8859_4.so
compiling ./enc/iso_8859_5.c
linking encoding iso_8859_5.so
compiling ./enc/iso_8859_6.c
linking encoding iso_8859_6.so
compiling ./enc/iso_8859_7.c
linking encoding iso_8859_7.so
compiling ./enc/iso_8859_8.c
linking encoding iso_8859_8.so
compiling ./enc/iso_8859_9.c
linking encoding iso_8859_9.so
compiling ./enc/iso_8859_10.c
linking encoding iso_8859_10.so
compiling ./enc/iso_8859_11.c
linking encoding iso_8859_11.so
compiling ./enc/iso_8859_13.c
linking encoding iso_8859_13.so
compiling ./enc/iso_8859_14.c
linking encoding iso_8859_14.so
compiling ./enc/iso_8859_15.c
linking encoding iso_8859_15.so
compiling ./enc/iso_8859_16.c
linking encoding iso_8859_16.so
compiling ./enc/koi8_r.c
linking encoding koi8_r.so
compiling ./enc/koi8_u.c
linking encoding koi8_u.so
compiling ./enc/shift_jis.c
linking encoding shift_jis.so
compiling ./enc/utf_16be.c
configuring cgi/escape
configuring continuation
configuring coverage
configuring date
linking encoding utf_16be.so
configuring dbm
compiling ./enc/utf_16le.c
linking encoding utf_16le.so
compiling ./enc/utf_32be.c
linking encoding utf_32be.so
compiling ./enc/utf_32le.c
linking encoding utf_32le.so
compiling ./enc/windows_31j.c
linking encoding windows_31j.so
compiling ./enc/windows_1250.c
linking encoding windows_1250.so
compiling ./enc/windows_1251.c
linking encoding windows_1251.so
compiling ./enc/windows_1252.c
linking encoding windows_1252.so
compiling ./enc/windows_1253.c
linking encoding windows_1253.so
compiling ./enc/windows_1254.c
linking encoding windows_1254.so
compiling ./enc/windows_1257.c
linking encoding windows_1257.so
make[1]: Leaving directory '/home/tyson/.rvm/src/ruby-2.4.1'
making trans
make[1]: Entering directory '/home/tyson/.rvm/src/ruby-2.4.1'
compiling ./enc/trans/transdb.c
linking transcoder transdb.so
compiling ./enc/trans/big5.c
configuring digest
configuring digest/bubblebabble
configuring digest/md5
configuring digest/rmd160
linking transcoder big5.so
compiling ./enc/trans/chinese.c
configuring digest/sha1
linking transcoder chinese.so
compiling ./enc/trans/ebcdic.c
linking transcoder ebcdic.so
compiling ./enc/trans/emoji.c
linking transcoder emoji.so
compiling ./enc/trans/emoji_iso2022_kddi.c
configuring digest/sha2
linking transcoder emoji_iso2022_kddi.so
compiling ./enc/trans/emoji_sjis_docomo.c
linking transcoder emoji_sjis_docomo.so
configuring etc
compiling ./enc/trans/emoji_sjis_kddi.c
linking transcoder emoji_sjis_kddi.so
compiling ./enc/trans/emoji_sjis_softbank.c
linking transcoder emoji_sjis_softbank.so
compiling ./enc/trans/escape.c
linking transcoder escape.so
compiling ./enc/trans/gb18030.c
linking transcoder gb18030.so
compiling ./enc/trans/gbk.c
configuring fcntl
configuring fiber
configuring fiddle
linking transcoder gbk.so
compiling ./enc/trans/iso2022.c
linking transcoder iso2022.so
compiling ./enc/trans/japanese.c
linking transcoder japanese.so
compiling ./enc/trans/japanese_euc.c
configuring gdbm
configuring io/console
linking transcoder japanese_euc.so
compiling ./enc/trans/japanese_sjis.c
linking transcoder japanese_sjis.so
compiling ./enc/trans/korean.c
linking transcoder korean.so
configuring io/nonblock
compiling ./enc/trans/single_byte.c
configuring io/wait
linking transcoder single_byte.so
compiling ./enc/trans/utf8_mac.c
configuring json
configuring json/generator
configuring json/parser
configuring mathn/complex
configuring mathn/rational
configuring nkf
configuring objspace
configuring openssl
linking transcoder utf8_mac.so
compiling ./enc/trans/utf_16_32.c
linking transcoder utf_16_32.so
make[1]: Leaving directory '/home/tyson/.rvm/src/ruby-2.4.1'
making encs
make[1]: Entering directory '/home/tyson/.rvm/src/ruby-2.4.1'
make[1]: Nothing to be done for 'encs'.
make[1]: Leaving directory '/home/tyson/.rvm/src/ruby-2.4.1'
configuring pathname
configuring psych
configuring pty
configuring racc/cparse
configuring rbconfig/sizeof
configuring readline
configuring ripper
configuring rubyvm
configuring sdbm
configuring socket
configuring stringio
configuring strscan
configuring syslog
configuring zlib
make[1]: Entering directory '/home/tyson/.rvm/src/ruby-2.4.1'
make[2]: Entering directory '/home/tyson/.rvm/src/ruby-2.4.1/ext/-test-/array/resize'
compiling resize.c
linking shared-object -test-/array/resize.so
make[2]: Leaving directory '/home/tyson/.rvm/src/ruby-2.4.1/ext/-test-/array/resize'
make[2]: Entering directory '/home/tyson/.rvm/src/ruby-2.4.1/ext/-test-/bignum'
compiling div.c
compiling init.c
compiling big2str.c
compiling bigzero.c
compiling intpack.c
compiling mul.c
compiling str2big.c
linking shared-object -test-/bignum.so
make[2]: Leaving directory '/home/tyson/.rvm/src/ruby-2.4.1/ext/-test-/bignum'
make[2]: Entering directory '/home/tyson/.rvm/src/ruby-2.4.1/ext/-test-/bug-3571'
compiling bug.c
linking shared-object -test-/bug_3571.so
make[2]: Leaving directory '/home/tyson/.rvm/src/ruby-2.4.1/ext/-test-/bug-3571'
make[2]: Entering directory '/home/tyson/.rvm/src/ruby-2.4.1/ext/-test-/bug-5832'
compiling bug.c
linking shared-object -test-/bug_5832.so
make[2]: Leaving directory '/home/tyson/.rvm/src/ruby-2.4.1/ext/-test-/bug-5832'
make[2]: Entering directory '/home/tyson/.rvm/src/ruby-2.4.1/ext/-test-/bug_reporter'
compiling bug_reporter.c
linking shared-object -test-/bug_reporter.so
make[2]: Leaving directory '/home/tyson/.rvm/src/ruby-2.4.1/ext/-test-/bug_reporter'
make[2]: Entering directory '/home/tyson/.rvm/src/ruby-2.4.1/ext/-test-/class'
compiling class2name.c
compiling init.c
linking shared-object -test-/class.so
make[2]: Leaving directory '/home/tyson/.rvm/src/ruby-2.4.1/ext/-test-/class'
make[2]: Entering directory '/home/tyson/.rvm/src/ruby-2.4.1/ext/-test-/debug'
compiling profile_frames.c
compiling init.c
compiling inspector.c
linking shared-object -test-/debug.so
make[2]: Leaving directory '/home/tyson/.rvm/src/ruby-2.4.1/ext/-test-/debug'
make[2]: Entering directory '/home/tyson/.rvm/src/ruby-2.4.1/ext/-test-/dln/empty'
compiling empty.c
linking shared-object -test-/dln/empty.so
make[2]: Leaving directory '/home/tyson/.rvm/src/ruby-2.4.1/ext/-test-/dln/empty'
make[2]: Entering directory '/home/tyson/.rvm/src/ruby-2.4.1/ext/-test-/exception'
compiling enc_raise.c
compiling init.c
compiling ensured.c
compiling dataerror.c
linking shared-object -test-/exception.so
make[2]: Leaving directory '/home/tyson/.rvm/src/ruby-2.4.1/ext/-test-/exception'
make[2]: Entering directory '/home/tyson/.rvm/src/ruby-2.4.1/ext/-test-/fatal'
compiling rb_fatal.c
linking shared-object -test-/fatal/rb_fatal.so
make[2]: Leaving directory '/home/tyson/.rvm/src/ruby-2.4.1/ext/-test-/fatal'
make[2]: Entering directory '/home/tyson/.rvm/src/ruby-2.4.1/ext/-test-/file'
compiling init.c
compiling stat.c
compiling fs.c
linking shared-object -test-/file.so
make[2]: Leaving directory '/home/tyson/.rvm/src/ruby-2.4.1/ext/-test-/file'
make[2]: Entering directory '/home/tyson/.rvm/src/ruby-2.4.1/ext/-test-/float'
compiling init.c
compiling nextafter.c
linking shared-object -test-/float.so
make[2]: Leaving directory '/home/tyson/.rvm/src/ruby-2.4.1/ext/-test-/float'
make[2]: Entering directory '/home/tyson/.rvm/src/ruby-2.4.1/ext/-test-/funcall'
compiling passing_block.c
linking shared-object -test-/funcall.so
make[2]: Leaving directory '/home/tyson/.rvm/src/ruby-2.4.1/ext/-test-/funcall'
make[2]: Entering directory '/home/tyson/.rvm/src/ruby-2.4.1/ext/-test-/gvl/call_without_gvl'
compiling call_without_gvl.c
linking shared-object -test-/gvl/call_without_gvl.so
make[2]: Leaving directory '/home/tyson/.rvm/src/ruby-2.4.1/ext/-test-/gvl/call_without_gvl'
make[2]: Entering directory '/home/tyson/.rvm/src/ruby-2.4.1/ext/-test-/hash'
compiling init.c
compiling delete.c
linking shared-object -test-/hash.so
make[2]: Leaving directory '/home/tyson/.rvm/src/ruby-2.4.1/ext/-test-/hash'
make[2]: Entering directory '/home/tyson/.rvm/src/ruby-2.4.1/ext/-test-/integer'
compiling my_integer.c
compiling core_ext.c
compiling init.c
linking shared-object -test-/integer.so
make[2]: Leaving directory '/home/tyson/.rvm/src/ruby-2.4.1/ext/-test-/integer'
make[2]: Entering directory '/home/tyson/.rvm/src/ruby-2.4.1/ext/-test-/iseq_load'
compiling iseq_load.c
linking shared-object -test-/iseq_load.so
make[2]: Leaving directory '/home/tyson/.rvm/src/ruby-2.4.1/ext/-test-/iseq_load'
make[2]: Entering directory '/home/tyson/.rvm/src/ruby-2.4.1/ext/-test-/iter'
compiling yield.c
compiling break.c
compiling init.c
linking shared-object -test-/iter.so
make[2]: Leaving directory '/home/tyson/.rvm/src/ruby-2.4.1/ext/-test-/iter'
make[2]: Entering directory '/home/tyson/.rvm/src/ruby-2.4.1/ext/-test-/load/dot.dot'
compiling dot.dot.c
linking shared-object -test-/load/dot.dot.so
make[2]: Leaving directory '/home/tyson/.rvm/src/ruby-2.4.1/ext/-test-/load/dot.dot'
make[2]: Entering directory '/home/tyson/.rvm/src/ruby-2.4.1/ext/-test-/marshal/compat'
compiling usrcompat.c
linking shared-object -test-/marshal/compat.so
make[2]: Leaving directory '/home/tyson/.rvm/src/ruby-2.4.1/ext/-test-/marshal/compat'
make[2]: Entering directory '/home/tyson/.rvm/src/ruby-2.4.1/ext/-test-/marshal/internal_ivar'
compiling internal_ivar.c
linking shared-object -test-/marshal/internal_ivar.so
make[2]: Leaving directory '/home/tyson/.rvm/src/ruby-2.4.1/ext/-test-/marshal/internal_ivar'
make[2]: Entering directory '/home/tyson/.rvm/src/ruby-2.4.1/ext/-test-/marshal/usr'
compiling usrmarshal.c
linking shared-object -test-/marshal/usr.so
make[2]: Leaving directory '/home/tyson/.rvm/src/ruby-2.4.1/ext/-test-/marshal/usr'
make[2]: Entering directory '/home/tyson/.rvm/src/ruby-2.4.1/ext/-test-/method'
compiling arity.c
compiling init.c
linking shared-object -test-/method.so
make[2]: Leaving directory '/home/tyson/.rvm/src/ruby-2.4.1/ext/-test-/method'
make[2]: Entering directory '/home/tyson/.rvm/src/ruby-2.4.1/ext/-test-/notimplement'
compiling bug.c
linking shared-object -test-/notimplement.so
make[2]: Leaving directory '/home/tyson/.rvm/src/ruby-2.4.1/ext/-test-/notimplement'
make[2]: Entering directory '/home/tyson/.rvm/src/ruby-2.4.1/ext/-test-/num2int'
compiling num2int.c
linking shared-object -test-/num2int.so
make[2]: Leaving directory '/home/tyson/.rvm/src/ruby-2.4.1/ext/-test-/num2int'
make[2]: Entering directory '/home/tyson/.rvm/src/ruby-2.4.1/ext/-test-/path_to_class'
compiling path_to_class.c
linking shared-object -test-/path_to_class.so
make[2]: Leaving directory '/home/tyson/.rvm/src/ruby-2.4.1/ext/-test-/path_to_class'
make[2]: Entering directory '/home/tyson/.rvm/src/ruby-2.4.1/ext/-test-/popen_deadlock'
compiling infinite_loop_dlsym.c
linking shared-object -test-/popen_deadlock/infinite_loop_dlsym.so
make[2]: Leaving directory '/home/tyson/.rvm/src/ruby-2.4.1/ext/-test-/popen_deadlock'
make[2]: Entering directory '/home/tyson/.rvm/src/ruby-2.4.1/ext/-test-/postponed_job'
compiling postponed_job.c
linking shared-object -test-/postponed_job.so
make[2]: Leaving directory '/home/tyson/.rvm/src/ruby-2.4.1/ext/-test-/postponed_job'
make[2]: Entering directory '/home/tyson/.rvm/src/ruby-2.4.1/ext/-test-/printf'
compiling printf.c
linking shared-object -test-/printf.so
make[2]: Leaving directory '/home/tyson/.rvm/src/ruby-2.4.1/ext/-test-/printf'
make[2]: Entering directory '/home/tyson/.rvm/src/ruby-2.4.1/ext/-test-/proc'
compiling init.c
compiling receiver.c
compiling super.c
linking shared-object -test-/proc.so
make[2]: Leaving directory '/home/tyson/.rvm/src/ruby-2.4.1/ext/-test-/proc'
make[2]: Entering directory '/home/tyson/.rvm/src/ruby-2.4.1/ext/-test-/rational'
compiling rat.c
linking shared-object -test-/rational.so
make[2]: Leaving directory '/home/tyson/.rvm/src/ruby-2.4.1/ext/-test-/rational'
make[2]: Entering directory '/home/tyson/.rvm/src/ruby-2.4.1/ext/-test-/recursion'
compiling recursion.c
linking shared-object -test-/recursion.so
make[2]: Leaving directory '/home/tyson/.rvm/src/ruby-2.4.1/ext/-test-/recursion'
make[2]: Entering directory '/home/tyson/.rvm/src/ruby-2.4.1/ext/-test-/regexp'
compiling parse_depth_limit.c
compiling init.c
linking shared-object -test-/regexp.so
make[2]: Leaving directory '/home/tyson/.rvm/src/ruby-2.4.1/ext/-test-/regexp'
make[2]: Entering directory '/home/tyson/.rvm/src/ruby-2.4.1/ext/-test-/st/foreach'
compiling foreach.c
linking shared-object -test-/st/foreach.so
make[2]: Leaving directory '/home/tyson/.rvm/src/ruby-2.4.1/ext/-test-/st/foreach'
make[2]: Entering directory '/home/tyson/.rvm/src/ruby-2.4.1/ext/-test-/st/numhash'
compiling numhash.c
linking shared-object -test-/st/numhash.so
make[2]: Leaving directory '/home/tyson/.rvm/src/ruby-2.4.1/ext/-test-/st/numhash'
make[2]: Entering directory '/home/tyson/.rvm/src/ruby-2.4.1/ext/-test-/st/update'
compiling update.c
linking shared-object -test-/st/update.so
make[2]: Leaving directory '/home/tyson/.rvm/src/ruby-2.4.1/ext/-test-/st/update'
make[2]: Entering directory '/home/tyson/.rvm/src/ruby-2.4.1/ext/-test-/string'
compiling enc_associate.c
compiling modify.c
compiling fstring.c
compiling coderange.c
compiling qsort.c
compiling normalize.c
compiling init.c
compiling ellipsize.c
compiling nofree.c
compiling enc_str_buf_cat.c
compiling set_len.c
compiling capacity.c
compiling cstr.c
linking shared-object -test-/string.so
make[2]: Leaving directory '/home/tyson/.rvm/src/ruby-2.4.1/ext/-test-/string'
make[2]: Entering directory '/home/tyson/.rvm/src/ruby-2.4.1/ext/-test-/struct'
compiling duplicate.c
compiling member.c
compiling init.c
linking shared-object -test-/struct.so
make[2]: Leaving directory '/home/tyson/.rvm/src/ruby-2.4.1/ext/-test-/struct'
make[2]: Entering directory '/home/tyson/.rvm/src/ruby-2.4.1/ext/-test-/symbol'
compiling init.c
compiling type.c
linking shared-object -test-/symbol.so
make[2]: Leaving directory '/home/tyson/.rvm/src/ruby-2.4.1/ext/-test-/symbol'
make[2]: Entering directory '/home/tyson/.rvm/src/ruby-2.4.1/ext/-test-/time'
compiling new.c
compiling init.c
linking shared-object -test-/time.so
make[2]: Leaving directory '/home/tyson/.rvm/src/ruby-2.4.1/ext/-test-/time'
make[2]: Entering directory '/home/tyson/.rvm/src/ruby-2.4.1/ext/-test-/tracepoint'
compiling gc_hook.c
compiling tracepoint.c
linking shared-object -test-/tracepoint.so
make[2]: Leaving directory '/home/tyson/.rvm/src/ruby-2.4.1/ext/-test-/tracepoint'
make[2]: Entering directory '/home/tyson/.rvm/src/ruby-2.4.1/ext/-test-/typeddata'
compiling typeddata.c
linking shared-object -test-/typeddata.so
make[2]: Leaving directory '/home/tyson/.rvm/src/ruby-2.4.1/ext/-test-/typeddata'
make[2]: Entering directory '/home/tyson/.rvm/src/ruby-2.4.1/ext/-test-/vm'
compiling at_exit.c
linking shared-object -test-/vm/at_exit.so
make[2]: Leaving directory '/home/tyson/.rvm/src/ruby-2.4.1/ext/-test-/vm'
make[2]: Entering directory '/home/tyson/.rvm/src/ruby-2.4.1/ext/-test-/wait_for_single_fd'
compiling wait_for_single_fd.c
linking shared-object -test-/wait_for_single_fd.so
make[2]: Leaving directory '/home/tyson/.rvm/src/ruby-2.4.1/ext/-test-/wait_for_single_fd'
make[2]: Entering directory '/home/tyson/.rvm/src/ruby-2.4.1/ext/bigdecimal'
compiling bigdecimal.c
linking shared-object bigdecimal.so
installing default bigdecimal libraries
make[2]: Leaving directory '/home/tyson/.rvm/src/ruby-2.4.1/ext/bigdecimal'
make[2]: Entering directory '/home/tyson/.rvm/src/ruby-2.4.1/ext/cgi/escape'
compiling escape.c
linking shared-object cgi/escape.so
make[2]: Leaving directory '/home/tyson/.rvm/src/ruby-2.4.1/ext/cgi/escape'
make[2]: Entering directory '/home/tyson/.rvm/src/ruby-2.4.1/ext/continuation'
compiling continuation.c
linking shared-object continuation.so
make[2]: Leaving directory '/home/tyson/.rvm/src/ruby-2.4.1/ext/continuation'
make[2]: Entering directory '/home/tyson/.rvm/src/ruby-2.4.1/ext/coverage'
compiling coverage.c
linking shared-object coverage.so
make[2]: Leaving directory '/home/tyson/.rvm/src/ruby-2.4.1/ext/coverage'
make[2]: Entering directory '/home/tyson/.rvm/src/ruby-2.4.1/ext/date'
compiling date_core.c
compiling date_parse.c
compiling date_strftime.c
compiling date_strptime.c
linking shared-object date_core.so
installing default date_core libraries
make[2]: Leaving directory '/home/tyson/.rvm/src/ruby-2.4.1/ext/date'
make[2]: Entering directory '/home/tyson/.rvm/src/ruby-2.4.1/ext/digest'
compiling digest.c
linking shared-object digest.so
installing digest libraries
installing default digest libraries
make[2]: Leaving directory '/home/tyson/.rvm/src/ruby-2.4.1/ext/digest'
make[2]: Entering directory '/home/tyson/.rvm/src/ruby-2.4.1/ext/digest/bubblebabble'
compiling bubblebabble.c
linking shared-object digest/bubblebabble.so
make[2]: Leaving directory '/home/tyson/.rvm/src/ruby-2.4.1/ext/digest/bubblebabble'
make[2]: Entering directory '/home/tyson/.rvm/src/ruby-2.4.1/ext/digest/md5'
compiling md5init.c
linking shared-object digest/md5.so
make[2]: Leaving directory '/home/tyson/.rvm/src/ruby-2.4.1/ext/digest/md5'
make[2]: Entering directory '/home/tyson/.rvm/src/ruby-2.4.1/ext/digest/rmd160'
compiling rmd160init.c
linking shared-object digest/rmd160.so
make[2]: Leaving directory '/home/tyson/.rvm/src/ruby-2.4.1/ext/digest/rmd160'
make[2]: Entering directory '/home/tyson/.rvm/src/ruby-2.4.1/ext/digest/sha1'
compiling sha1init.c
linking shared-object digest/sha1.so
make[2]: Leaving directory '/home/tyson/.rvm/src/ruby-2.4.1/ext/digest/sha1'
make[2]: Entering directory '/home/tyson/.rvm/src/ruby-2.4.1/ext/digest/sha2'
compiling sha2init.c
linking shared-object digest/sha2.so
installing default sha2 libraries
make[2]: Leaving directory '/home/tyson/.rvm/src/ruby-2.4.1/ext/digest/sha2'
make[2]: Entering directory '/home/tyson/.rvm/src/ruby-2.4.1/ext/etc'
generating constant definitions
compiling etc.c
linking shared-object etc.so
make[2]: Leaving directory '/home/tyson/.rvm/src/ruby-2.4.1/ext/etc'
make[2]: Entering directory '/home/tyson/.rvm/src/ruby-2.4.1/ext/fcntl'
compiling fcntl.c
linking shared-object fcntl.so
make[2]: Leaving directory '/home/tyson/.rvm/src/ruby-2.4.1/ext/fcntl'
make[2]: Entering directory '/home/tyson/.rvm/src/ruby-2.4.1/ext/fiber'
compiling fiber.c
linking shared-object fiber.so
make[2]: Leaving directory '/home/tyson/.rvm/src/ruby-2.4.1/ext/fiber'
make[2]: Entering directory '/home/tyson/.rvm/src/ruby-2.4.1/ext/fiddle'
compiling closure.c
compiling conversions.c
compiling fiddle.c
compiling function.c
compiling handle.c
compiling pointer.c
linking shared-object fiddle.so
installing default fiddle libraries
make[2]: Leaving directory '/home/tyson/.rvm/src/ruby-2.4.1/ext/fiddle'
make[2]: Entering directory '/home/tyson/.rvm/src/ruby-2.4.1/ext/gdbm'
compiling gdbm.c
linking shared-object gdbm.so
make[2]: Leaving directory '/home/tyson/.rvm/src/ruby-2.4.1/ext/gdbm'
make[2]: Entering directory '/home/tyson/.rvm/src/ruby-2.4.1/ext/io/console'
compiling console.c
linking shared-object io/console.so
installing default console libraries
make[2]: Leaving directory '/home/tyson/.rvm/src/ruby-2.4.1/ext/io/console'
make[2]: Entering directory '/home/tyson/.rvm/src/ruby-2.4.1/ext/io/nonblock'
compiling nonblock.c
linking shared-object io/nonblock.so
make[2]: Leaving directory '/home/tyson/.rvm/src/ruby-2.4.1/ext/io/nonblock'
make[2]: Entering directory '/home/tyson/.rvm/src/ruby-2.4.1/ext/io/wait'
compiling wait.c
linking shared-object io/wait.so
make[2]: Leaving directory '/home/tyson/.rvm/src/ruby-2.4.1/ext/io/wait'
make[2]: Entering directory '/home/tyson/.rvm/src/ruby-2.4.1/ext/json'
installing default libraries
make[2]: Leaving directory '/home/tyson/.rvm/src/ruby-2.4.1/ext/json'
make[2]: Entering directory '/home/tyson/.rvm/src/ruby-2.4.1/ext/json/generator'
compiling generator.c
linking shared-object json/ext/generator.so
make[2]: Leaving directory '/home/tyson/.rvm/src/ruby-2.4.1/ext/json/generator'
make[2]: Entering directory '/home/tyson/.rvm/src/ruby-2.4.1/ext/json/parser'
compiling parser.c
linking shared-object json/ext/parser.so
make[2]: Leaving directory '/home/tyson/.rvm/src/ruby-2.4.1/ext/json/parser'
make[2]: Entering directory '/home/tyson/.rvm/src/ruby-2.4.1/ext/mathn/complex'
compiling complex.c
linking shared-object mathn/complex.so
make[2]: Leaving directory '/home/tyson/.rvm/src/ruby-2.4.1/ext/mathn/complex'
make[2]: Entering directory '/home/tyson/.rvm/src/ruby-2.4.1/ext/mathn/rational'
compiling rational.c
linking shared-object mathn/rational.so
make[2]: Leaving directory '/home/tyson/.rvm/src/ruby-2.4.1/ext/mathn/rational'
make[2]: Entering directory '/home/tyson/.rvm/src/ruby-2.4.1/ext/nkf'
compiling nkf.c
linking shared-object nkf.so
installing default nkf libraries
make[2]: Leaving directory '/home/tyson/.rvm/src/ruby-2.4.1/ext/nkf'
make[2]: Entering directory '/home/tyson/.rvm/src/ruby-2.4.1/ext/objspace'
compiling object_tracing.c
compiling objspace.c
compiling objspace_dump.c
linking shared-object objspace.so
make[2]: Leaving directory '/home/tyson/.rvm/src/ruby-2.4.1/ext/objspace'
make[2]: Entering directory '/home/tyson/.rvm/src/ruby-2.4.1/ext/openssl'
compiling openssl_missing.c
compiling ossl.c
compiling ossl_asn1.c
compiling ossl_bio.c
compiling ossl_bn.c
compiling ossl_cipher.c
compiling ossl_config.c
compiling ossl_digest.c
compiling ossl_engine.c
compiling ossl_hmac.c
compiling ossl_ns_spki.c
compiling ossl_ocsp.c
compiling ossl_pkcs12.c
compiling ossl_pkcs5.c
compiling ossl_pkcs7.c
compiling ossl_pkey.c
compiling ossl_pkey_dh.c
compiling ossl_pkey_dsa.c
compiling ossl_pkey_ec.c
compiling ossl_pkey_rsa.c
compiling ossl_rand.c
compiling ossl_ssl.c
compiling ossl_ssl_session.c
compiling ossl_x509.c
compiling ossl_x509attr.c
compiling ossl_x509cert.c
compiling ossl_x509crl.c
compiling ossl_x509ext.c
compiling ossl_x509name.c
compiling ossl_x509req.c
compiling ossl_x509revoked.c
compiling ossl_x509store.c
linking shared-object openssl.so
installing default openssl libraries
make[2]: Leaving directory '/home/tyson/.rvm/src/ruby-2.4.1/ext/openssl'
make[2]: Entering directory '/home/tyson/.rvm/src/ruby-2.4.1/ext/pathname'
compiling pathname.c
linking shared-object pathname.so
installing default pathname libraries
make[2]: Leaving directory '/home/tyson/.rvm/src/ruby-2.4.1/ext/pathname'
make[2]: Entering directory '/home/tyson/.rvm/src/ruby-2.4.1/ext/psych'
compiling psych.c
compiling psych_emitter.c
compiling psych_parser.c
compiling psych_to_ruby.c
compiling psych_yaml_tree.c
linking shared-object psych.so
installing default psych libraries
make[2]: Leaving directory '/home/tyson/.rvm/src/ruby-2.4.1/ext/psych'
make[2]: Entering directory '/home/tyson/.rvm/src/ruby-2.4.1/ext/pty'
compiling pty.c
linking shared-object pty.so
installing default pty libraries
make[2]: Leaving directory '/home/tyson/.rvm/src/ruby-2.4.1/ext/pty'
make[2]: Entering directory '/home/tyson/.rvm/src/ruby-2.4.1/ext/racc/cparse'
compiling cparse.c
linking shared-object racc/cparse.so
make[2]: Leaving directory '/home/tyson/.rvm/src/ruby-2.4.1/ext/racc/cparse'
make[2]: Entering directory '/home/tyson/.rvm/src/ruby-2.4.1/ext/rbconfig/sizeof'
compiling sizes.c
linking shared-object rbconfig/sizeof.so
make[2]: Leaving directory '/home/tyson/.rvm/src/ruby-2.4.1/ext/rbconfig/sizeof'
make[2]: Entering directory '/home/tyson/.rvm/src/ruby-2.4.1/ext/readline'
compiling readline.c
linking shared-object readline.so
make[2]: Leaving directory '/home/tyson/.rvm/src/ruby-2.4.1/ext/readline'
make[2]: Entering directory '/home/tyson/.rvm/src/ruby-2.4.1/ext/ripper'
compiling ripper.c
linking shared-object ripper.so
installing default ripper libraries
checking ../.././parse.y and ../.././ext/ripper/eventids2.c
make[2]: Leaving directory '/home/tyson/.rvm/src/ruby-2.4.1/ext/ripper'
make[2]: Entering directory '/home/tyson/.rvm/src/ruby-2.4.1/ext/rubyvm'
installing default libraries
make[2]: Leaving directory '/home/tyson/.rvm/src/ruby-2.4.1/ext/rubyvm'
make[2]: Entering directory '/home/tyson/.rvm/src/ruby-2.4.1/ext/sdbm'
compiling _sdbm.c
compiling init.c
linking shared-object sdbm.so
make[2]: Leaving directory '/home/tyson/.rvm/src/ruby-2.4.1/ext/sdbm'
make[2]: Entering directory '/home/tyson/.rvm/src/ruby-2.4.1/ext/socket'
compiling init.c
compiling constants.c
compiling basicsocket.c
compiling socket.c
compiling ipsocket.c
compiling tcpsocket.c
compiling tcpserver.c
compiling sockssocket.c
compiling udpsocket.c
compiling unixsocket.c
compiling unixserver.c
compiling option.c
compiling ancdata.c
compiling raddrinfo.c
compiling ifaddr.c
linking shared-object socket.so
installing default socket libraries
make[2]: Leaving directory '/home/tyson/.rvm/src/ruby-2.4.1/ext/socket'
make[2]: Entering directory '/home/tyson/.rvm/src/ruby-2.4.1/ext/stringio'
compiling stringio.c
linking shared-object stringio.so
make[2]: Leaving directory '/home/tyson/.rvm/src/ruby-2.4.1/ext/stringio'
make[2]: Entering directory '/home/tyson/.rvm/src/ruby-2.4.1/ext/strscan'
compiling strscan.c
linking shared-object strscan.so
make[2]: Leaving directory '/home/tyson/.rvm/src/ruby-2.4.1/ext/strscan'
make[2]: Entering directory '/home/tyson/.rvm/src/ruby-2.4.1/ext/syslog'
compiling syslog.c
linking shared-object syslog.so
installing default syslog libraries
make[2]: Leaving directory '/home/tyson/.rvm/src/ruby-2.4.1/ext/syslog'
make[2]: Entering directory '/home/tyson/.rvm/src/ruby-2.4.1/ext/zlib'
compiling zlib.c
linking shared-object zlib.so
make[2]: Leaving directory '/home/tyson/.rvm/src/ruby-2.4.1/ext/zlib'
*** Following extensions failed to configure:
../.././ext/dbm/extconf.rb:0: Failed to configure dbm. It will not be installed.
*** Fix the problems, then remove these directories and try again if you want.
make[2]: Entering directory '/home/tyson/.rvm/src/ruby-2.4.1'
linking shared-library libruby.so.2.4.1
linking ruby
make[2]: Leaving directory '/home/tyson/.rvm/src/ruby-2.4.1'
make[1]: Leaving directory '/home/tyson/.rvm/src/ruby-2.4.1'
