[2018-06-29 12:15:01] requirements_debian_update_system
requirements_debian_update_system () 
{ 
    __rvm_try_sudo apt-get --quiet --yes update || { 
        \typeset __ret=$?;
        case ${__ret} in 
            100)
                rvm_error "There has been an error while updating your system using \`apt-get\`.
It seems that there are some 404 Not Found errors for repositories listed in:

    /etc/apt/sources.list
    /etc/apt/sources.list.d/*.list

Make sure that all repositories are available from your system and verify your setup by running manually:

    sudo apt-get update

Make sure that it works correctly before proceeding with RVM.

If you are working from the GUI instead of the terminal, you might want to verify and fix broken
repositories using \"Software & Updates\" application.
"
            ;;
        esac;
        return ${__ret}
    }
}
current path: /home/tyson/.rvm/src/rvm
PATH=/usr/local/sbin:/usr/local/bin:/usr/sbin:/usr/bin:/sbin:/bin:/usr/games:/usr/local/games:/snap/bin:/home/tyson/.rvm/bin
command(2): requirements_debian_update_system ruby-2.4.1
++ /scripts/functions/requirements/debian : requirements_debian_update_system()  46 > __rvm_try_sudo apt-get --quiet --yes update
++ /scripts/functions/utility : __rvm_try_sudo()  362 > typeset -a command_to_run
++ /scripts/functions/utility : __rvm_try_sudo()  363 > typeset sudo_path sbin_path missing_paths
++ /scripts/functions/utility : __rvm_try_sudo()  364 > command_to_run=("$@")
++ /scripts/functions/utility : __rvm_try_sudo()  365 > ((  UID == 0  ))
++ /scripts/functions/utility : __rvm_try_sudo()  366 > case "$rvm_autolibs_flag_number" in
++ /scripts/functions/utility : __rvm_try_sudo()  381 > is_a_function __rvm_sudo
++ /scripts/functions/support : is_a_function()  5 > typeset -f __rvm_sudo
++ /scripts/functions/utility : __rvm_try_sudo()  383 > missing_paths=
++ /scripts/functions/utility : __rvm_try_sudo()  384 > for sbin_path in /sbin /usr/sbin /usr/local/sbin
++ /scripts/functions/utility : __rvm_try_sudo()  386 > [[ -d /sbin ]]
++ /scripts/functions/utility : __rvm_try_sudo()  386 > [[ :/usr/local/sbin:/usr/local/bin:/usr/sbin:/usr/bin:/sbin:/bin:/usr/games:/usr/local/games:/snap/bin:/home/tyson/.rvm/bin: != *\:\/\s\b\i\n\:* ]]
++ /scripts/functions/utility : __rvm_try_sudo()  384 > for sbin_path in /sbin /usr/sbin /usr/local/sbin
++ /scripts/functions/utility : __rvm_try_sudo()  386 > [[ -d /usr/sbin ]]
++ /scripts/functions/utility : __rvm_try_sudo()  386 > [[ :/usr/local/sbin:/usr/local/bin:/usr/sbin:/usr/bin:/sbin:/bin:/usr/games:/usr/local/games:/snap/bin:/home/tyson/.rvm/bin: != *\:\/\u\s\r\/\s\b\i\n\:* ]]
++ /scripts/functions/utility : __rvm_try_sudo()  384 > for sbin_path in /sbin /usr/sbin /usr/local/sbin
++ /scripts/functions/utility : __rvm_try_sudo()  386 > [[ -d /usr/local/sbin ]]
++ /scripts/functions/utility : __rvm_try_sudo()  386 > [[ :/usr/local/sbin:/usr/local/bin:/usr/sbin:/usr/bin:/sbin:/bin:/usr/games:/usr/local/games:/snap/bin:/home/tyson/.rvm/bin: != *\:\/\u\s\r\/\l\o\c\a\l\/\s\b\i\n\:* ]]
++ /scripts/functions/utility : __rvm_try_sudo()  390 > [[ -n '' ]]
++ /scripts/functions/utility : __rvm_try_sudo()  393 > command_to_run=(__rvm_sudo -p "%p password required for '$*': " "${command_to_run[@]}")
++ /scripts/functions/utility : __rvm_try_sudo()  400 > __rvm_sudo -p '%p password required for '\''apt-get --quiet --yes update'\'': ' apt-get --quiet --yes update
++ /scripts/functions/support : __rvm_sudo()  357 > command sudo -p '%p password required for '\''apt-get --quiet --yes update'\'': ' apt-get --quiet --yes update
++ /scripts/functions/support : __rvm_sudo()  357 > sudo -p '%p password required for '\''apt-get --quiet --yes update'\'': ' apt-get --quiet --yes update
Ign:1 http://dl.google.com/linux/chrome/deb stable InRelease
Hit:2 http://us.archive.ubuntu.com/ubuntu bionic InRelease
Get:3 http://dl.google.com/linux/chrome/deb stable Release [1,189 B]
Get:4 http://us.archive.ubuntu.com/ubuntu bionic-updates InRelease [88.7 kB]
Get:5 http://dl.google.com/linux/chrome/deb stable Release.gpg [819 B]
Get:6 http://security.ubuntu.com/ubuntu bionic-security InRelease [83.2 kB]
Get:7 http://us.archive.ubuntu.com/ubuntu bionic-backports InRelease [74.6 kB]
Get:8 http://dl.google.com/linux/chrome/deb stable/main amd64 Packages [1,371 B]
Get:9 http://us.archive.ubuntu.com/ubuntu bionic-updates/main amd64 DEP-11 Metadata [113 kB]
Get:10 http://us.archive.ubuntu.com/ubuntu bionic-updates/main DEP-11 48x48 Icons [25.1 kB]
Get:11 http://us.archive.ubuntu.com/ubuntu bionic-updates/main DEP-11 64x64 Icons [44.5 kB]
Get:12 http://us.archive.ubuntu.com/ubuntu bionic-updates/universe amd64 DEP-11 Metadata [122 kB]
Get:13 http://us.archive.ubuntu.com/ubuntu bionic-updates/universe DEP-11 48x48 Icons [122 kB]
Get:14 http://security.ubuntu.com/ubuntu bionic-security/main amd64 DEP-11 Metadata [204 B]
Get:15 http://us.archive.ubuntu.com/ubuntu bionic-updates/universe DEP-11 64x64 Icons [202 kB]
Get:16 http://security.ubuntu.com/ubuntu bionic-security/universe amd64 DEP-11 Metadata [2,456 B]
Get:17 http://us.archive.ubuntu.com/ubuntu bionic-updates/multiverse amd64 DEP-11 Metadata [2,468 B]
Get:18 http://us.archive.ubuntu.com/ubuntu bionic-backports/universe amd64 DEP-11 Metadata [5,100 B]
Fetched 888 kB in 2s (547 kB/s)
Reading package lists...
