[2018-06-29 12:31:17] __rvm_post_configure_ruby
__rvm_post_configure_ruby () 
{ 
    __rvm_post_configure_ruby_fix_athlon_sse2;
    __rvm_post_configure_ruby_update_setup
}
current path: /home/tyson/.rvm/src/ruby-2.5.0
GEM_HOME=/home/tyson/.rvm/gems/ruby-2.4.1
GEM_PATH=/home/tyson/.rvm/gems/ruby-2.4.1:/home/tyson/.rvm/gems/ruby-2.4.1@global
PATH=/home/tyson/.rvm/gems/ruby-2.4.1/bin:/home/tyson/.rvm/gems/ruby-2.4.1@global/bin:/home/tyson/.rvm/rubies/ruby-2.4.1/bin:/usr/local/sbin:/usr/local/bin:/usr/sbin:/usr/bin:/sbin:/bin:/usr/games:/usr/local/games:/snap/bin:/home/tyson/.rvm/bin:/home/tyson/.rvm/bin
command(1): __rvm_post_configure_ruby
++ __rvm_post_configure_ruby_fix_athlon_sse2
++ [[ -f /proc/cpuinfo ]]
++ [[ -f Makefile ]]
++ __rvm_grep '^XCFLAGS = .*-msse2' Makefile
++ GREP_OPTIONS=
++ command grep '^XCFLAGS = .*-msse2' Makefile
++ grep '^XCFLAGS = .*-msse2' Makefile
++ return 1
++ __rvm_post_configure_ruby_update_setup
++ typeset option
++ ((  0 == 1  ))
